                                                                                                                        
>>>>>>>>>>>>>>>>>>>>>>>>>>>>>>>>>>>>>>>>>>>>>>>>>>>>>>>>>>>>>>>>>>>>>>>>>>>>>>>>>>>>>>>>>>>>>>>>>>>>>>>>>>>>>>>>>>>>>>>>
2024-03-28 02:51:52,637 - INFO - START create_solution =============================================
2024-03-28 02:51:52,637 - INFO - START create_solution Start Time = 2024-03-28 02:51:52
2024-03-28 02:51:52,637 - INFO - create_solution Step 0 - Initialize the configuration file parser
2024-03-28 02:51:52,637 - INFO - Process create_solution Step 0 - Initializing and starting Logging Process.
2024-03-28 02:51:52,848 - INFO - Note: NumExpr detected 12 cores but "NUMEXPR_MAX_THREADS" not set, so enforcing safe limit of 8.
2024-03-28 02:51:52,848 - INFO - NumExpr defaulting to 8 threads.
2024-03-28 02:51:55,125 - INFO - PERFORMANCE create_solution The total process duration was:2.49
2024-03-28 02:51:55,126 - INFO - PERFORMANCE create_solution Stop Time = 2024-03-28 02:51:55
2024-03-28 02:51:55,126 - INFO - PERFORMANCE create_solution Short process duration less than 3 Seconds:2.49
2024-03-28 02:51:55,126 - INFO - PERFORMANCE create_solution Performance optimization is not reccomended
2024-03-28 02:51:55,126 - INFO - END create_solution =============================================

<<<<<<<<<<<<<<<<<<<<<<<<<<<<<<<<<<<<<<<<<<<<<<<<<<<<<<<<<<<<<<<<<<<<<<<<<<<<<<<<<<<<<<<<<<<<<<<<<<<<<<<<<<<<<<<<<<<<<<<<
                                                                                                                        
                                                                                                                        
>>>>>>>>>>>>>>>>>>>>>>>>>>>>>>>>>>>>>>>>>>>>>>>>>>>>>>>>>>>>>>>>>>>>>>>>>>>>>>>>>>>>>>>>>>>>>>>>>>>>>>>>>>>>>>>>>>>>>>>>
2024-03-31 21:54:29,055 - INFO - START create_solution =============================================
2024-03-31 21:54:29,055 - INFO - START create_solution Start Time = 2024-03-31 21:54:29
2024-03-31 21:54:29,055 - INFO - create_solution Step 0 - Initialize the configuration file parser
2024-03-31 21:54:29,055 - INFO - Process create_solution Step 0 - Initializing and starting Logging Process.
2024-03-31 21:54:29,258 - INFO - Note: NumExpr detected 12 cores but "NUMEXPR_MAX_THREADS" not set, so enforcing safe limit of 8.
2024-03-31 21:54:29,258 - INFO - NumExpr defaulting to 8 threads.
2024-03-31 21:54:34,174 - INFO - PERFORMANCE create_solution The total process duration was:5.12
2024-03-31 21:54:34,174 - INFO - PERFORMANCE create_solution Stop Time = 2024-03-31 21:54:34
2024-03-31 21:54:34,175 - INFO - PERFORMANCE create_solution Low process duration less than 3 minutes:5.12
2024-03-31 21:54:34,175 - INFO - PERFORMANCE create_solution Performance optimization is optional
2024-03-31 21:54:34,175 - INFO - END create_solution =============================================

<<<<<<<<<<<<<<<<<<<<<<<<<<<<<<<<<<<<<<<<<<<<<<<<<<<<<<<<<<<<<<<<<<<<<<<<<<<<<<<<<<<<<<<<<<<<<<<<<<<<<<<<<<<<<<<<<<<<<<<<
                                                                                                                        
                                                                                                                        
>>>>>>>>>>>>>>>>>>>>>>>>>>>>>>>>>>>>>>>>>>>>>>>>>>>>>>>>>>>>>>>>>>>>>>>>>>>>>>>>>>>>>>>>>>>>>>>>>>>>>>>>>>>>>>>>>>>>>>>>
2024-04-08 17:25:28,780 - INFO - START create_solution =============================================
2024-04-08 17:25:28,780 - INFO - START create_solution Start Time = 2024-04-08 17:25:28
2024-04-08 17:25:28,780 - INFO - create_solution Step 0 - Initialize the configuration file parser
2024-04-08 17:25:28,781 - INFO - Process create_solution Step 0 - Initializing and starting Logging Process.
2024-04-08 17:25:30,055 - INFO - PERFORMANCE create_solution The total process duration was:1.27
2024-04-08 17:25:30,055 - INFO - PERFORMANCE create_solution Stop Time = 2024-04-08 17:25:30
2024-04-08 17:25:30,055 - INFO - PERFORMANCE create_solution Short process duration less than 3 Seconds:1.27
2024-04-08 17:25:30,056 - INFO - PERFORMANCE create_solution Performance optimization is not reccomended
2024-04-08 17:25:30,056 - INFO - END create_solution =============================================

<<<<<<<<<<<<<<<<<<<<<<<<<<<<<<<<<<<<<<<<<<<<<<<<<<<<<<<<<<<<<<<<<<<<<<<<<<<<<<<<<<<<<<<<<<<<<<<<<<<<<<<<<<<<<<<<<<<<<<<<
                                                                                                                        
                                                                                                                        
>>>>>>>>>>>>>>>>>>>>>>>>>>>>>>>>>>>>>>>>>>>>>>>>>>>>>>>>>>>>>>>>>>>>>>>>>>>>>>>>>>>>>>>>>>>>>>>>>>>>>>>>>>>>>>>>>>>>>>>>
2024-04-09 21:13:37,846 - INFO - START create_solution =============================================
2024-04-09 21:13:37,846 - INFO - START create_solution Start Time = 2024-04-09 21:13:37
2024-04-09 21:13:37,846 - INFO - create_solution Step 0 - Initialize the configuration file parser
2024-04-09 21:13:37,847 - INFO - Process create_solution Step 0 - Initializing and starting Logging Process.
2024-04-09 21:13:40,369 - INFO - PERFORMANCE create_solution The total process duration was:2.52
2024-04-09 21:13:40,369 - INFO - PERFORMANCE create_solution Stop Time = 2024-04-09 21:13:40
2024-04-09 21:13:40,370 - INFO - PERFORMANCE create_solution Short process duration less than 3 Seconds:2.52
2024-04-09 21:13:40,370 - INFO - PERFORMANCE create_solution Performance optimization is not reccomended
2024-04-09 21:13:40,370 - INFO - END create_solution =============================================

<<<<<<<<<<<<<<<<<<<<<<<<<<<<<<<<<<<<<<<<<<<<<<<<<<<<<<<<<<<<<<<<<<<<<<<<<<<<<<<<<<<<<<<<<<<<<<<<<<<<<<<<<<<<<<<<<<<<<<<<
                                                                                                                        
                                                                                                                        
>>>>>>>>>>>>>>>>>>>>>>>>>>>>>>>>>>>>>>>>>>>>>>>>>>>>>>>>>>>>>>>>>>>>>>>>>>>>>>>>>>>>>>>>>>>>>>>>>>>>>>>>>>>>>>>>>>>>>>>>
2024-04-09 23:41:47,775 - INFO - START create_solution =============================================
2024-04-09 23:41:47,775 - INFO - START create_solution Start Time = 2024-04-09 23:41:47
2024-04-09 23:41:47,775 - INFO - create_solution Step 0 - Initialize the configuration file parser
2024-04-09 23:41:47,776 - INFO - Process create_solution Step 0 - Initializing and starting Logging Process.
2024-04-09 23:41:50,171 - INFO - PERFORMANCE create_solution The total process duration was:2.40
2024-04-09 23:41:50,171 - INFO - PERFORMANCE create_solution Stop Time = 2024-04-09 23:41:50
2024-04-09 23:41:50,171 - INFO - PERFORMANCE create_solution Short process duration less than 3 Seconds:2.40
2024-04-09 23:41:50,171 - INFO - PERFORMANCE create_solution Performance optimization is not reccomended
2024-04-09 23:41:50,171 - INFO - END create_solution =============================================

<<<<<<<<<<<<<<<<<<<<<<<<<<<<<<<<<<<<<<<<<<<<<<<<<<<<<<<<<<<<<<<<<<<<<<<<<<<<<<<<<<<<<<<<<<<<<<<<<<<<<<<<<<<<<<<<<<<<<<<<
                                                                                                                        
                                                                                                                        
>>>>>>>>>>>>>>>>>>>>>>>>>>>>>>>>>>>>>>>>>>>>>>>>>>>>>>>>>>>>>>>>>>>>>>>>>>>>>>>>>>>>>>>>>>>>>>>>>>>>>>>>>>>>>>>>>>>>>>>>
2024-04-12 09:42:44,195 - INFO - START create_solution =============================================
2024-04-12 09:42:44,195 - INFO - START create_solution Start Time = 2024-04-12 09:42:44
2024-04-12 09:42:44,195 - INFO - create_solution Step 0 - Initialize the configuration file parser
2024-04-12 09:42:44,195 - INFO - Process create_solution Step 0 - Initializing and starting Logging Process.
2024-04-12 09:42:46,635 - INFO - PERFORMANCE create_solution The total process duration was:2.44
2024-04-12 09:42:46,635 - INFO - PERFORMANCE create_solution Stop Time = 2024-04-12 09:42:46
2024-04-12 09:42:46,635 - INFO - PERFORMANCE create_solution Short process duration less than 3 Seconds:2.44
2024-04-12 09:42:46,635 - INFO - PERFORMANCE create_solution Performance optimization is not reccomended
2024-04-12 09:42:46,636 - INFO - END create_solution =============================================

<<<<<<<<<<<<<<<<<<<<<<<<<<<<<<<<<<<<<<<<<<<<<<<<<<<<<<<<<<<<<<<<<<<<<<<<<<<<<<<<<<<<<<<<<<<<<<<<<<<<<<<<<<<<<<<<<<<<<<<<
                                                                                                                        
                                                                                                                        
>>>>>>>>>>>>>>>>>>>>>>>>>>>>>>>>>>>>>>>>>>>>>>>>>>>>>>>>>>>>>>>>>>>>>>>>>>>>>>>>>>>>>>>>>>>>>>>>>>>>>>>>>>>>>>>>>>>>>>>>
2024-04-13 20:48:34,187 - INFO - START create_solution =============================================
2024-04-13 20:48:34,187 - INFO - START create_solution Start Time = 2024-04-13 20:48:34
2024-04-13 20:48:34,187 - INFO - create_solution Step 0 - Initialize the configuration file parser
2024-04-13 20:48:34,188 - INFO - Process create_solution Step 0 - Initializing and starting Logging Process.
2024-04-13 20:48:36,722 - INFO - PERFORMANCE create_solution The total process duration was:2.54
2024-04-13 20:48:36,722 - INFO - PERFORMANCE create_solution Stop Time = 2024-04-13 20:48:36
2024-04-13 20:48:36,723 - INFO - PERFORMANCE create_solution Short process duration less than 3 Seconds:2.54
2024-04-13 20:48:36,723 - INFO - PERFORMANCE create_solution Performance optimization is not reccomended
2024-04-13 20:48:36,723 - INFO - END create_solution =============================================

<<<<<<<<<<<<<<<<<<<<<<<<<<<<<<<<<<<<<<<<<<<<<<<<<<<<<<<<<<<<<<<<<<<<<<<<<<<<<<<<<<<<<<<<<<<<<<<<<<<<<<<<<<<<<<<<<<<<<<<<
                                                                                                                        
