                                                                                                                        
>>>>>>>>>>>>>>>>>>>>>>>>>>>>>>>>>>>>>>>>>>>>>>>>>>>>>>>>>>>>>>>>>>>>>>>>>>>>>>>>>>>>>>>>>>>>>>>>>>>>>>>>>>>>>>>>>>>>>>>>
2024-03-15 10:39:07,381 - INFO - START solution_temple =============================================
2024-03-15 10:39:07,381 - INFO - START solution_temple Start Time = 2024-03-15 10:39:07
2024-03-15 10:39:07,381 - INFO - solution_temple Step 0 - Initialize the configuration file parser
2024-03-15 10:39:07,382 - INFO - Process solution_temple Step 0 - Initializing and starting Logging Process.
2024-03-15 10:39:07,391 - INFO - PERFORMANCE solution_temple The total process duration was:0.01
2024-03-15 10:39:07,391 - INFO - PERFORMANCE solution_temple Stop Time = 2024-03-15 10:39:07
2024-03-15 10:39:07,391 - INFO - PERFORMANCE solution_temple Short process duration less than 3 Seconds:0.01
2024-03-15 10:39:07,391 - INFO - PERFORMANCE solution_temple Performance optimization is not reccomended
2024-03-15 10:39:07,391 - INFO - END solution_temple =============================================

<<<<<<<<<<<<<<<<<<<<<<<<<<<<<<<<<<<<<<<<<<<<<<<<<<<<<<<<<<<<<<<<<<<<<<<<<<<<<<<<<<<<<<<<<<<<<<<<<<<<<<<<<<<<<<<<<<<<<<<<
                                                                                                                        
                                                                                                                        
>>>>>>>>>>>>>>>>>>>>>>>>>>>>>>>>>>>>>>>>>>>>>>>>>>>>>>>>>>>>>>>>>>>>>>>>>>>>>>>>>>>>>>>>>>>>>>>>>>>>>>>>>>>>>>>>>>>>>>>>
2024-03-15 15:11:09,005 - INFO - START solution_temple =============================================
2024-03-15 15:11:09,006 - INFO - START solution_temple Start Time = 2024-03-15 15:11:09
2024-03-15 15:11:09,006 - INFO - solution_temple Step 0 - Initialize the configuration file parser
2024-03-15 15:11:09,006 - INFO - Process solution_temple Step 0 - Initializing and starting Logging Process.
2024-03-15 15:11:41,356 - INFO - PERFORMANCE solution_temple The total process duration was:32.35
2024-03-15 15:11:41,356 - INFO - PERFORMANCE solution_temple Stop Time = 2024-03-15 15:11:41
2024-03-15 15:11:41,357 - INFO - PERFORMANCE solution_temple Low process duration less than 3 minutes:32.35
2024-03-15 15:11:41,357 - INFO - PERFORMANCE solution_temple Performance optimization is optional
2024-03-15 15:11:41,357 - INFO - END solution_temple =============================================

<<<<<<<<<<<<<<<<<<<<<<<<<<<<<<<<<<<<<<<<<<<<<<<<<<<<<<<<<<<<<<<<<<<<<<<<<<<<<<<<<<<<<<<<<<<<<<<<<<<<<<<<<<<<<<<<<<<<<<<<
                                                                                                                        
                                                                                                                        
>>>>>>>>>>>>>>>>>>>>>>>>>>>>>>>>>>>>>>>>>>>>>>>>>>>>>>>>>>>>>>>>>>>>>>>>>>>>>>>>>>>>>>>>>>>>>>>>>>>>>>>>>>>>>>>>>>>>>>>>
2024-03-16 12:24:11,921 - INFO - START solution_temple =============================================
2024-03-16 12:24:11,921 - INFO - START solution_temple Start Time = 2024-03-16 12:24:11
2024-03-16 12:24:11,921 - INFO - solution_temple Step 0 - Initialize the configuration file parser
2024-03-16 12:24:11,922 - INFO - Process solution_temple Step 0 - Initializing and starting Logging Process.
2024-03-16 12:24:12,098 - INFO - Note: NumExpr detected 12 cores but "NUMEXPR_MAX_THREADS" not set, so enforcing safe limit of 8.
2024-03-16 12:24:12,098 - INFO - NumExpr defaulting to 8 threads.
2024-03-16 12:24:12,914 - INFO - PERFORMANCE solution_temple The total process duration was:0.99
2024-03-16 12:24:12,915 - INFO - PERFORMANCE solution_temple Stop Time = 2024-03-16 12:24:12
2024-03-16 12:24:12,915 - INFO - PERFORMANCE solution_temple Short process duration less than 3 Seconds:0.99
2024-03-16 12:24:12,915 - INFO - PERFORMANCE solution_temple Performance optimization is not reccomended
2024-03-16 12:24:12,915 - INFO - END solution_temple =============================================

<<<<<<<<<<<<<<<<<<<<<<<<<<<<<<<<<<<<<<<<<<<<<<<<<<<<<<<<<<<<<<<<<<<<<<<<<<<<<<<<<<<<<<<<<<<<<<<<<<<<<<<<<<<<<<<<<<<<<<<<
                                                                                                                        
                                                                                                                        
>>>>>>>>>>>>>>>>>>>>>>>>>>>>>>>>>>>>>>>>>>>>>>>>>>>>>>>>>>>>>>>>>>>>>>>>>>>>>>>>>>>>>>>>>>>>>>>>>>>>>>>>>>>>>>>>>>>>>>>>
2024-03-16 12:31:34,611 - INFO - START solution_temple =============================================
2024-03-16 12:31:34,611 - INFO - START solution_temple Start Time = 2024-03-16 12:31:34
2024-03-16 12:31:34,611 - INFO - solution_temple Step 0 - Initialize the configuration file parser
2024-03-16 12:31:34,611 - INFO - Process solution_temple Step 0 - Initializing and starting Logging Process.
2024-03-16 12:31:34,812 - INFO - Note: NumExpr detected 12 cores but "NUMEXPR_MAX_THREADS" not set, so enforcing safe limit of 8.
2024-03-16 12:31:34,812 - INFO - NumExpr defaulting to 8 threads.
2024-03-16 12:31:36,454 - INFO - PERFORMANCE solution_temple The total process duration was:1.84
2024-03-16 12:31:36,454 - INFO - PERFORMANCE solution_temple Stop Time = 2024-03-16 12:31:36
2024-03-16 12:31:36,454 - INFO - PERFORMANCE solution_temple Short process duration less than 3 Seconds:1.84
2024-03-16 12:31:36,454 - INFO - PERFORMANCE solution_temple Performance optimization is not reccomended
2024-03-16 12:31:36,454 - INFO - END solution_temple =============================================

<<<<<<<<<<<<<<<<<<<<<<<<<<<<<<<<<<<<<<<<<<<<<<<<<<<<<<<<<<<<<<<<<<<<<<<<<<<<<<<<<<<<<<<<<<<<<<<<<<<<<<<<<<<<<<<<<<<<<<<<
                                                                                                                        
                                                                                                                        
>>>>>>>>>>>>>>>>>>>>>>>>>>>>>>>>>>>>>>>>>>>>>>>>>>>>>>>>>>>>>>>>>>>>>>>>>>>>>>>>>>>>>>>>>>>>>>>>>>>>>>>>>>>>>>>>>>>>>>>>
2024-03-16 12:50:48,002 - INFO - START solution_temple =============================================
2024-03-16 12:50:48,002 - INFO - START solution_temple Start Time = 2024-03-16 12:50:48
2024-03-16 12:50:48,002 - INFO - solution_temple Step 0 - Initialize the configuration file parser
2024-03-16 12:50:48,003 - INFO - Process solution_temple Step 0 - Initializing and starting Logging Process.
2024-03-16 12:50:48,191 - INFO - Note: NumExpr detected 12 cores but "NUMEXPR_MAX_THREADS" not set, so enforcing safe limit of 8.
2024-03-16 12:50:48,191 - INFO - NumExpr defaulting to 8 threads.
2024-03-16 12:50:50,048 - INFO - PERFORMANCE solution_temple The total process duration was:2.05
2024-03-16 12:50:50,049 - INFO - PERFORMANCE solution_temple Stop Time = 2024-03-16 12:50:50
2024-03-16 12:50:50,049 - INFO - PERFORMANCE solution_temple Short process duration less than 3 Seconds:2.05
2024-03-16 12:50:50,049 - INFO - PERFORMANCE solution_temple Performance optimization is not reccomended
2024-03-16 12:50:50,049 - INFO - END solution_temple =============================================

<<<<<<<<<<<<<<<<<<<<<<<<<<<<<<<<<<<<<<<<<<<<<<<<<<<<<<<<<<<<<<<<<<<<<<<<<<<<<<<<<<<<<<<<<<<<<<<<<<<<<<<<<<<<<<<<<<<<<<<<
                                                                                                                        
